Performing C SOURCE FILE Test CMAKE_HAVE_LIBC_PTHREAD failed with the following output:
Change Dir: /home/labcom/gr-Modulos_J1C_02/build/CMakeFiles/CMakeTmp

Run Build Command(s):/usr/bin/make -f Makefile cmTC_17409/fast && /usr/bin/make  -f CMakeFiles/cmTC_17409.dir/build.make CMakeFiles/cmTC_17409.dir/build
make[1]: se entra en el directorio '/home/labcom/gr-Modulos_J1C_02/build/CMakeFiles/CMakeTmp'
Building C object CMakeFiles/cmTC_17409.dir/src.c.o
/usr/bin/cc -DCMAKE_HAVE_LIBC_PTHREAD  -std=gnu11 -o CMakeFiles/cmTC_17409.dir/src.c.o -c /home/labcom/gr-Modulos_J1C_02/build/CMakeFiles/CMakeTmp/src.c
Linking C executable cmTC_17409
/usr/local/bin/cmake -E cmake_link_script CMakeFiles/cmTC_17409.dir/link.txt --verbose=1
/usr/bin/cc CMakeFiles/cmTC_17409.dir/src.c.o -o cmTC_17409 
/usr/bin/ld: CMakeFiles/cmTC_17409.dir/src.c.o: en la función `main':
src.c:(.text+0x46): referencia a `pthread_create' sin definir
/usr/bin/ld: src.c:(.text+0x52): referencia a `pthread_detach' sin definir
/usr/bin/ld: src.c:(.text+0x5e): referencia a `pthread_cancel' sin definir
/usr/bin/ld: src.c:(.text+0x6f): referencia a `pthread_join' sin definir
collect2: error: ld returned 1 exit status
make[1]: *** [CMakeFiles/cmTC_17409.dir/build.make:99: cmTC_17409] Error 1
make[1]: se sale del directorio '/home/labcom/gr-Modulos_J1C_02/build/CMakeFiles/CMakeTmp'
make: *** [Makefile:127: cmTC_17409/fast] Error 2


Source file was:
#include <pthread.h>

static void* test_func(void* data)
{
  return data;
}

int main(void)
{
  pthread_t thread;
  pthread_create(&thread, NULL, test_func, NULL);
  pthread_detach(thread);
  pthread_cancel(thread);
  pthread_join(thread, NULL);
  pthread_atfork(NULL, NULL, NULL);
  pthread_exit(NULL);

  return 0;
}

Determining if the function pthread_create exists in the pthreads failed with the following output:
Change Dir: /home/labcom/gr-Modulos_J1C_02/build/CMakeFiles/CMakeTmp

Run Build Command(s):/usr/bin/make -f Makefile cmTC_1bbbb/fast && /usr/bin/make  -f CMakeFiles/cmTC_1bbbb.dir/build.make CMakeFiles/cmTC_1bbbb.dir/build
make[1]: se entra en el directorio '/home/labcom/gr-Modulos_J1C_02/build/CMakeFiles/CMakeTmp'
Building C object CMakeFiles/cmTC_1bbbb.dir/CheckFunctionExists.c.o
/usr/bin/cc   -DCHECK_FUNCTION_EXISTS=pthread_create -std=gnu11 -o CMakeFiles/cmTC_1bbbb.dir/CheckFunctionExists.c.o -c /usr/local/share/cmake-3.22/Modules/CheckFunctionExists.c
Linking C executable cmTC_1bbbb
/usr/local/bin/cmake -E cmake_link_script CMakeFiles/cmTC_1bbbb.dir/link.txt --verbose=1
/usr/bin/cc  -DCHECK_FUNCTION_EXISTS=pthread_create CMakeFiles/cmTC_1bbbb.dir/CheckFunctionExists.c.o -o cmTC_1bbbb  -lpthreads 
/usr/bin/ld: no se puede encontrar -lpthreads
collect2: error: ld returned 1 exit status
make[1]: *** [CMakeFiles/cmTC_1bbbb.dir/build.make:99: cmTC_1bbbb] Error 1
make[1]: se sale del directorio '/home/labcom/gr-Modulos_J1C_02/build/CMakeFiles/CMakeTmp'
make: *** [Makefile:127: cmTC_1bbbb/fast] Error 2



